<?xml version="1.0" encoding="UTF-8"?>
<testsuite xmlns:xsi="http://www.w3.org/2001/XMLSchema-instance" xsi:noNamespaceSchemaLocation="https://maven.apache.org/surefire/maven-surefire-plugin/xsd/surefire-test-report.xsd" version="3.0.1" name="com.calculator.app.CalculatorTest" time="0.044" tests="4" errors="0" skipped="0" failures="0">
  <properties>
[...]
</properties>
  <testcase name="testSubtract" classname="com.calculator.app.CalculatorTest" time="0.019"/>
  <testcase name="addTest" classname="com.calculator.app.CalculatorTest" time="0.001"/>
  <testcase name="testDivide" classname="com.calculator.app.CalculatorTest" time="0.001"/>
  <testcase name="testMultiply" classname="com.calculator.app.CalculatorTest" time="0.001"/>
</testsuite>